@puffballWoonBin:RT @RW_Way: 170711 학교2017 제작발표회

강현일! 이슈입니다!🤗

#SF9 #에스에프나인 #로운 #ROWOON #이슈 #강현일 https://t.co/C0Dql6msjU(Tue Jul 11 16:20:26 KST 2017)
@puffballWoonBin:RT @RW_Way: 170711 학교2017 제작발표회

SF9 로운입니다!!

#SF9 #에스에프나인 #로운 #ROWOON #이슈 #강현일 https://t.co/hqg0ieiXCc(Tue Jul 11 16:20:28 KST 2017)
@CIbb_:RT @andwoon: 170711 학교2017 제작발표회 퇴근

@SF9official #로운 #김석우 #에스에프나인 #SF9 https://t.co/pzWE1wZw47(Tue Jul 11 16:20:29 KST 2017)
@sdfgh981:RT @lalapesto: 박지원 안철수 김성호 김인원 이용주 김경진 김유정 장진영 강연재 주승용 김동철
등도 싹다 허위사실 공표죄로 처벌해야지 
민주당에서 꼭 해라 제발 
ㅁㅈㅇ씨도 끝까지 가길 바람(Tue Jul 11 16:20:31 KST 2017)
@BabyU_0711:RT @MyloveKBS: [#학교2017 제작발표회]
학업환경이 넘나 훈훈한 #금도고😍
#전원_개근상_각 #제가_등교하겠습니다 https://t.co/ZQmw581kz0(Tue Jul 11 16:20:31 KST 2017)
@mo44fox:RT @LJS_MOON: 국민의당 강연재 탈당.. 네티즌 "민주당 입당 막아라" https://t.co/yxrxeBmo2V

ㅋㅋㅋㅋㅋㅋ(Tue Jul 11 16:22:45 KST 2017)
@wooropaya:RT @xportsnews: SF9 로운 '배우돌의 상큼한 미소'
#SF9 #로운 #학교2017
https://t.co/G6q6A0XE4K https://t.co/LiDOcT9PdC(Tue Jul 11 16:22:45 KST 2017)
@Aaaaum94:RT @RW_Way: 170711 학교2017 제작발표회

김로운 파이또파이또파이또~

#SF9 #에스에프나인 #로운 #ROWOON #이슈 #강현일 https://t.co/t4xXmg85tK(Tue Jul 11 16:22:47 KST 2017)
@greenteaco21:#핸드폰소액 #안재홍 #소액결제현금 #전소민 #옥션휴대폰결제
#아이폰소액결제현금화 #이제훈 #모바일상품권현금화 #원펀치 #상품권
#kt소액결제 #우효광 #정보이용료 #추자현 #편의점휴대폰결제 https://t.co/i1OWfrcH5S(Tue Jul 11 16:22:49 KST 2017)
@t_annwhetc:RT @MyloveKBS: [#학교2017 제작발표회]
학업환경이 넘나 훈훈한 #금도고😍
#전원_개근상_각 #제가_등교하겠습니다 https://t.co/ZQmw581kz0(Tue Jul 11 16:22:50 KST 2017)
@dadonghaha:RT @bohemianatchina: 탈당? ㅎㅎㅎ
탈당해도 방송나와서 허위사실 유포한 범죄사실이 사라지는 건 아니지. 

국민의당 강연재 전 부대변인 탈당.. 탈당 도미노 스타트? | 다음 뉴스 https://t.co/uF4BflaUzV(Tue Jul 11 16:22:51 KST 2017)
@wujuoffcl:RT @Secret_Sejeong: [170711 학교 2017 제작발표회 프리뷰]
은호님!!!!
은호니이이임!!!!
은호님은 제 인생의 1등급이에요!!!!!!!!!!!!
#김세정 #세정 #Sejeong #구구단 #gugudan #라은호… (Tue Jul 11 16:22:54 KST 2017)
@sujingm1:RT @leejongsul78: 강연재, 분노 유발자 탈당
https://t.co/7hYBlLMVHh
강연재 전 부대변인은 지난 제13차 박근혜퇴진 비상국민행동 주최의 촛불집회를 가르켜 “ 구태 국민은 새로운 시대를 못 열어”라는 문장을… (Tue Jul 11 16:22:55 KST 2017)
@ABries_Best:RT @swoon0807: @SF9official @SF9_official_jp 170711 학교2017 제작 발표회 preview
🐭Catching  your heart!!!❤️
#로운 #ROWOON #ロウン #SF9 #에스에프나인… (Tue Jul 11 16:22:56 KST 2017)
@wooropaya:RT @liveennews: [LIVE포토] SF9 로운, 얼굴마저 정의로운 남자 https://t.co/qYeY2qihQx #라이브엔 #liveen #타임스퀘어 #KBS #학교2017 #SF9 #로운(Tue Jul 11 16:22:56 KST 2017)
@wooropaya:RT @liveennews: [LIVE포토] SF9 로운, 잘생김 열매 과다 섭취 했어요 https://t.co/NITSmAo6Vw #라이브엔 #liveen #타임스퀘어 #KBS #학교2017 #SF9 #로운(Tue Jul 11 16:22:58 KST 2017)
@wannaporn89865:RT @rowoon0807_com: 🌟170711🌟

학교2017 제작발표회 💕우와! 이슈다❤️❤️❤️

#로운 #ROWOON #SF9 #에스에프나인 #ロウン @SF9official https://t.co/HvuXfxcpDv(Tue Jul 11 16:22:59 KST 2017)
@dooombe:RT @Secret_Sejeong: [170711 학교 2017 제작발표회 프리뷰]
은호님!!!!
은호니이이임!!!!
은호님은 제 인생의 1등급이에요!!!!!!!!!!!!
#김세정 #세정 #Sejeong #구구단 #gugudan #라은호… (Tue Jul 11 16:22:59 KST 2017)
@sdfgh981:RT @badfinger69: 국민의당에서 패널로 주로 나오는 강연재나 정연정등을 보면 정알못들임
그냥 멀쩡하게 보이는 변호사 교수들이 문재인 욕하는것 보여주고 싶다는 의도만 보임
강연재 탈당의 변을 보면 자신이 왜 그 정당에 있었는지 자기도 몰랐다…(Tue Jul 11 16:23:00 KST 2017)
@kateyoonn:그 많은 초록색 자켓들 어쩌냐.. 울동네 매주 토날 플리마켓하는데 여 와서 팔아라..

강연재 전 부대변인 탈당.. 국민의당 무너지나? https://t.co/TWlErpkQhf(Tue Jul 11 16:23:01 KST 2017)
@wooropaya:RT @liveennews: [LIVE포토] SF9 로운, 조각남의 치명적인 귀여움 https://t.co/6DuZUE2JvD #라이브엔 #liveen #타임스퀘어 #KBS #학교2017 #SF9 #로운(Tue Jul 11 16:23:01 KST 2017)
@1994scrap:RT @rowoon0807_com: 🌟170711🌟

학교2017 제작발표회 💕현일아( ˃̶͈ᴗ˂̶͈ )

#로운 #ROWOON #SF9 #에스에프나인 #ロウン #이슈 #강현일 @SF9official https://t.co/jalDoUq8Et(Tue Jul 11 16:23:02 KST 2017)
@hee_jin2308:RT @godsmile0828: 170711 학교2017 제작발표회 프리뷰2
우리은호아 화이팅~~~😊
#김세정 #세정 #갓세정 #kimsejeong #sejeong #구구단 #gugudan @gu9udan #학교2017 https://t.co/arb…(Tue Jul 11 16:23:02 KST 2017)
@DkRoldan:RT @everglow_kr: 170711 학교2017 제작발표회 프리뷰 #세정 #김세정 #라은호
은호 ㅎㅇ https://t.co/S26iyaw3bR(Tue Jul 11 16:23:03 KST 2017)
@LuisU1287:자발당 혁신위원장인지 개나발인지 류석춘 저런것들이 뭐라 처씨부리는것 보다 이언주의 막말이 이 더운 여름에 더 화가 치민다.
어쨌든 자발당은 저런 쓰레기가 넘처나는 난지도네~(Tue Jul 11 16:23:04 KST 2017)
@mlppor:RT @andwoon: #학교2017 7월 17일 부터 석우랑 이슈 두탕 뛴다♥️🔥

@SF9official #로운 #김석우 #에스에프나인 #SF9 https://t.co/7Rb3S0pedA(Tue Jul 11 16:23:04 KST 2017)
@1994scrap:RT @rowoon0807_com: 🌟170711🌟

학교2017 제작발표회 💕우와! 이슈다❤️❤️❤️

#로운 #ROWOON #SF9 #에스에프나인 #ロウン @SF9official https://t.co/HvuXfxcpDv(Tue Jul 11 16:23:07 KST 2017)
@PEACH_n_PIE:RT @MyloveKBS: [#학교2017 제작발표회]
오구오구 포즈천재📸 #세동이
#사진기자_분들이_참_좋아합니다 #갓세정 https://t.co/cPdtcWhU33(Tue Jul 11 16:23:07 KST 2017)
@sdfgh981:RT @QxqsaU: @siahn1011 @limdhasi 허위사실 유포 사법처리 명단입니다.
철수는 0번으로 우대했습니다.글고 조작은 수사되면 다시하는걸로
0 안철수
1 박지원
2 김동철
3 이용주
4 김유정
5 김경진
6 강… (Tue Jul 11 16:23:08 KST 2017)
@df1eed1r:#상품권 #강연재 #상품권현금 #김영찬 #상품권현금화 #온라인상품권 #이언주 #온라인상품권현금 #류석춘 #온라인상품권현금화 https://t.co/Fw88n6SGPb(Tue Jul 11 16:23:10 KST 2017)
@wooropaya:RT @MyloveKBS: [#학교2017 제작발표회]
학업환경이 넘나 훈훈한 #금도고😍
#전원_개근상_각 #제가_등교하겠습니다 https://t.co/ZQmw581kz0(Tue Jul 11 16:23:11 KST 2017)
@k123v2422:RT @SJmysunshine: 170711 학교2017 제작발표회
우리 배우님 주연답게 마지막 인사 말씀 너무 귀엽게 ㅠㅠ!!
(영상 끊김이 있어요 ㅠ)
#김세정 #세정 #학교2017 https://t.co/iuAVWtOIcK(Tue Jul 11 16:23:13 KST 2017)
@Sonamu090:RT @newsvop: 자유한국당 류석춘 “박근혜 탄핵? 태반주사가 법적으로 문제되나”@newsvop https://t.co/aMWDVRMOR6(Tue Jul 11 16:23:14 KST 2017)
@1994scrap:RT @rowoon0807_com: 🌟170711🌟

학교2017 제작발표회 💕오늘도 화이팅!

#로운 #ROWOON #SF9 #에스에프나인 #ロウン @SF9official https://t.co/m9m7kihoD9(Tue Jul 11 16:23:14 KST 2017)
@wujuoffcl:RT @everglow_kr: 170711 학교2017 제작발표회 프리뷰 #세정 #김세정 #라은호
은호 ㅎㅇ https://t.co/S26iyaw3bR(Tue Jul 11 16:23:16 KST 2017)
@sgot_tanapon:RT @andwoon: 170711 학교2017 제작발표회

@SF9official #로운 #김석우 #에스에프나인 #SF9 https://t.co/9OIcU8bkYb(Tue Jul 11 16:23:17 KST 2017)
@Roniiinoona:RT @RW_Way: 170711 학교2017 제작발표회

김로운 파이또파이또파이또~

#SF9 #에스에프나인 #로운 #ROWOON #이슈 #강현일 https://t.co/t4xXmg85tK(Tue Jul 11 16:23:17 KST 2017)
@sejeongx9ggd:RT @godsmile0828: 170711 학교2017 제작발표회 프리뷰1
우리은호아 화이팅~~~😊
#김세정 #세정 #갓세정 #kimsejeong #sejeong #구구단 #gugudan @gu9udan #학교2017 https://t.co/4Iw…(Tue Jul 11 16:23:17 KST 2017)
@sejeongx9ggd:RT @godsmile0828: 170711 학교2017 제작발표회 프리뷰2
우리은호아 화이팅~~~😊
#김세정 #세정 #갓세정 #kimsejeong #sejeong #구구단 #gugudan @gu9udan #학교2017 https://t.co/arb…(Tue Jul 11 16:23:19 KST 2017)
@hee_jin2308:RT @godsmile0828: 170711 학교2017 제작발표회 프리뷰1
우리은호아 화이팅~~~😊
#김세정 #세정 #갓세정 #kimsejeong #sejeong #구구단 #gugudan @gu9udan #학교2017 https://t.co/4Iw…(Tue Jul 11 16:23:21 KST 2017)
@sejungz:RT @godsmile0828: 170711 학교2017 제작발표회 프리뷰1
우리은호아 화이팅~~~😊
#김세정 #세정 #갓세정 #kimsejeong #sejeong #구구단 #gugudan @gu9udan #학교2017 https://t.co/4Iw…(Tue Jul 11 16:23:21 KST 2017)
@jahnipa690:RT @yijuho1: '안철수 키즈' 강연재 국민의당 탈당 소식에..'침몰 신호탄' | 다음뉴스 https://t.co/9BRyiZOztv(Tue Jul 11 16:23:30 KST 2017)
@PRIGLES_18:RT @ThreeStation: 웹툰 소재를 고민한다-소재를 찾았따!!-그 웹툰으로 한국대에 붙었다!!!!

ㅠㅠㅠㅠㅠㅠㅠㅠ우리은호 넘귀여운거 아니냐ㅜㅠㅜ

#김세정 #세정 #라은호 #학교2017 #제작발표회 https://t.co/NkSHAlrFen(Tue Jul 11 16:23:32 KST 2017)
@Min_hopie:RT @MyloveKBS: 세정이 꽃이 피었습니다🌼
#학교2017 제작발표회 페북 #Live 중 
👉 https://t.co/JiBxpWtOPz
#오구오구 #포즈천재 #꽃길만_걷자 https://t.co/g6WwkQXPag(Tue Jul 11 16:23:32 KST 2017)
@senewcal:RT @ThreeStation: 웹툰 소재를 고민한다-소재를 찾았따!!-그 웹툰으로 한국대에 붙었다!!!!

ㅠㅠㅠㅠㅠㅠㅠㅠ우리은호 넘귀여운거 아니냐ㅜㅠㅜ

#김세정 #세정 #라은호 #학교2017 #제작발표회 https://t.co/NkSHAlrFen(Tue Jul 11 16:23:33 KST 2017)
@k123v2422:RT @ThreeStation: 웹툰 소재를 고민한다-소재를 찾았따!!-그 웹툰으로 한국대에 붙었다!!!!

ㅠㅠㅠㅠㅠㅠㅠㅠ우리은호 넘귀여운거 아니냐ㅜㅠㅜ

#김세정 #세정 #라은호 #학교2017 #제작발표회 https://t.co/NkSHAlrFen(Tue Jul 11 16:23:36 KST 2017)
@wannaporn89865:RT @RW_Way: 170711 학교2017 제작발표회

SF9 로운입니다!!

#SF9 #에스에프나인 #로운 #ROWOON #이슈 #강현일 https://t.co/hqg0ieiXCc(Tue Jul 11 16:23:37 KST 2017)
@df1eed1r:#lg소액결제 #초복 #lg소액결제현금 #학교2017 #소액결제 #상품권 #강연재 #상품권현금 #김영찬 #상품권현금화 https://t.co/kEgCTcVRgH(Tue Jul 11 16:23:36 KST 2017)
@YoungbaeKim:RT @saintok: 안철수가 이명박밑에서 주요경력직을 싸그리 삭제했는데 . 강연재가 그대로 따라하네.
페이스 오프는 안하냐?  

국민의당 강연재 전 부대변인, 프로필에서 '국민의당' 싹 지워 |  https://t.co/rOznWVboKq(Tue Jul 11 16:23:38 KST 2017)
@bornfreeonehit:RT @andwoon: 170711 학교2017 제작발표회

@SF9official #로운 #김석우 #에스에프나인 #SF9 https://t.co/9OIcU8bkYb(Tue Jul 11 16:23:38 KST 2017)
@jungujung77:RT @moonlover333: '안철수 키즈' 강연재 국민의당 탈당 소식에..'침몰 신호탄'  https://t.co/dJzz3mTTuW

간철수 키즈 강연재 국물 난파선 탈출!
갑철수 인재영입 1호 이준서
구속영장 청구!
갑철수 애제자 이유미…(Tue Jul 11 16:23:41 KST 2017)
@4TP25F92AQ93qji:RT @lalapesto: 궁물당에 정치꽃뱀 세마리라고
안베들 땅꾼 빙의해서 꽃뱀 잡고 있네
이유미 이언주 여기에 강연재 ㅋㅋㅋ
그렇게 물빨 하더니 하루아침에
언년이 강연재 꽃뱀됨 ㅋㅋㅋ(Tue Jul 11 16:23:43 KST 2017)
@gugudan_zzak:RT @gu9udan: [NEWS] 갓세정, '학교2017'도 꽃길만 걷게 해줄게요 https://t.co/52Sh3wI1HA
#김세정 #세정 #학교2017(Tue Jul 11 16:23:44 KST 2017)
@maricon_0220:RT @dreamecokr: KBS2TV 월화드라마 '학교 2017' 제작발표회 SF9 로운(Rowoon) 응원 드리미 쌀화환:#SF9 #Rowoon #로운  #학교2017 #드리미 #쌀화환 #제작발표회 #팬미팅 #콘서트 #쌀화환서폿… (Tue Jul 11 16:23:45 KST 2017)
@acdc3910:RT @MBout1219: 국민의당 강연재 전 부대변인, 프로필에서 '국민의당' 싹 지워 | 다음뉴스 https://t.co/65dnAINGFk 그런다고
없어지냐 ㅋㅋ 이미 깨시민들은 너의
수많은 죄악을 영구보존 했다 ㅋㅋ
원조 쌍뇬이 나가서 요즘…(Tue Jul 11 16:23:47 KST 2017)
@jsyoon0414:RT @amnseoul: 홍준표, 친일 매국 '뉴라이트' 류석춘 자한당 혁신위원장으로... 1948년 8월 15일일 건국일이라며 박근혜의 국정교과서 적극 찬성한 자  https://t.co/oEuLWlaTea(Tue Jul 11 16:23:51 KST 2017)
@minkeykey:RT @bleuchatte: 국민의당 강연재 전 부대변인, 프로필에서 '국민의당' 싹 지워 https://t.co/S2OiXKYuT9
강연재가 지난주 탈당계를 제출한 것으로 알려진 가운데 인터넷 프로필에는 벌써 국민의당 경력이 지워져 있어 빈축을 사…(Tue Jul 11 16:23:52 KST 2017)
@khja52938:RT @moonlover333: '안철수 키즈' 강연재 국민의당 탈당 소식에..'침몰 신호탄'  https://t.co/dJzz3mTTuW

간철수 키즈 강연재 국물 난파선 탈출!
갑철수 인재영입 1호 이준서
구속영장 청구!
갑철수 애제자 이유미…(Tue Jul 11 16:23:53 KST 2017)
@acdc3910:RT @025Sm: 태극기 집회를 의병 활동이라고 하는 똘아이입니다. https://t.co/h02kghbRtM(Tue Jul 11 16:23:57 KST 2017)
@bornfreeonehit:RT @andwoon: 170711 학교2017 제작발표회 퇴근

@SF9official #로운 #김석우 #에스에프나인 #SF9 https://t.co/pzWE1wZw47(Tue Jul 11 16:23:58 KST 2017)
@hanjira1029:RT @ThreeStation: 웹툰 소재를 고민한다-소재를 찾았따!!-그 웹툰으로 한국대에 붙었다!!!!

ㅠㅠㅠㅠㅠㅠㅠㅠ우리은호 넘귀여운거 아니냐ㅜㅠㅜ

#김세정 #세정 #라은호 #학교2017 #제작발표회 https://t.co/NkSHAlrFen(Tue Jul 11 16:24:02 KST 2017)
@ping2551:RT @rowoon0807_com: 🌟170711🌟

학교2017 제작발표회 💕현일아( ˃̶͈ᴗ˂̶͈ )

#로운 #ROWOON #SF9 #에스에프나인 #ロウン #이슈 #강현일 @SF9official https://t.co/jalDoUq8Et(Tue Jul 11 16:24:02 KST 2017)
@wooropaya:RT @andwoon: 앤드운은 김석우 SF9 로운이의 모든 순간을 늘 응원합니다♥️✨
#학교2017 대박나시고👏🏻🏤 우리석우 많이 이뻐 해주시고 많이 사랑해주세요😊
김석우 많이~ 아낀다!

@SF9official #로운 #김석우… (Tue Jul 11 16:24:03 KST 2017)
@duck91456:RT @SJmysunshine: [RT EVENT] 
세정이의 첫! 주연 드라마 #학교2017
이 다가오는 7월 17일 월요일 10시에 방영 됩니다!! RT해준분들중 한분께는 치킨을 다른 한분께는 커피를 드려요 
#학교2017 많이 기대해… (Tue Jul 11 16:24:08 KST 2017)
@maricon_0220:RT @andwoon: 앤드운은 김석우 SF9 로운이의 모든 순간을 늘 응원합니다♥️✨
#학교2017 대박나시고👏🏻🏤 우리석우 많이 이뻐 해주시고 많이 사랑해주세요😊
김석우 많이~ 아낀다!

@SF9official #로운 #김석우… (Tue Jul 11 16:24:12 KST 2017)
@Aaaaum94:RT @swoon0807: @SF9official @SF9_official_jp 170711 학교2017 제작 발표회 preview
🐭Catching  your heart!!!❤️
#로운 #ROWOON #ロウン #SF9 #에스에프나인… (Tue Jul 11 16:24:19 KST 2017)
@df1eed1r:#핸드폰소액결제 #제주개 #휴대폰소액결제 #강연재 #휴대폰소액결제현금
#소액결제 #복날 #현금화 #버스사고 #안전진행 https://t.co/crwltvqv3V(Tue Jul 11 16:24:20 KST 2017)
@kisejeongm:RT @godsmile0828: 170711 학교2017 제작발표회 프리뷰2
우리은호아 화이팅~~~😊
#김세정 #세정 #갓세정 #kimsejeong #sejeong #구구단 #gugudan @gu9udan #학교2017 https://t.co/arb…(Tue Jul 11 16:24:20 KST 2017)
@ping2551:RT @RW_Way: 170711 학교2017 제작발표회

체고대신다 강이슈!ㅋㅋㅋ 

#SF9 #에스에프나인 #로운 #ROWOON #이슈 #강현일 https://t.co/mdDe33QWby(Tue Jul 11 16:24:22 KST 2017)
@kisejeongm:RT @godsmile0828: 170711 학교2017 제작발표회 프리뷰1
우리은호아 화이팅~~~😊
#김세정 #세정 #갓세정 #kimsejeong #sejeong #구구단 #gugudan @gu9udan #학교2017 https://t.co/4Iw…(Tue Jul 11 16:24:23 KST 2017)
@relaxoowang:RT @MBout1219: 국민의당 강연재 전 부대변인, 프로필에서 '국민의당' 싹 지워 | 다음뉴스 https://t.co/65dnAINGFk 그런다고
없어지냐 ㅋㅋ 이미 깨시민들은 너의
수많은 죄악을 영구보존 했다 ㅋㅋ
원조 쌍뇬이 나가서 요즘…(Tue Jul 11 16:24:23 KST 2017)
@hanjira1029:RT @MyloveKBS: [#학교2017 제작발표회]
오구오구 포즈천재📸 #세동이
#사진기자_분들이_참_좋아합니다 #갓세정 https://t.co/cPdtcWhU33(Tue Jul 11 16:24:23 KST 2017)
@kisejeongm:RT @godsmile0828: 170711 학교2017 제작발표회 출근 프리뷰
우니 은호 너무 예쁘다 ㅎㅅㅎ
#김세정 #세정 #갓세정 #kimsejeong #sejeong #구구단 #gugudan @gu9udan #학교2017 https://t.c…(Tue Jul 11 16:24:25 KST 2017)
@skydj75:RT @leejongsul78: 강연재, 분노 유발자 탈당
https://t.co/7hYBlLMVHh
강연재 전 부대변인은 지난 제13차 박근혜퇴진 비상국민행동 주최의 촛불집회를 가르켜 “ 구태 국민은 새로운 시대를 못 열어”라는 문장을… (Tue Jul 11 16:24:32 KST 2017)
